Value of system clock at start = 0
Coordinates will be read from file: input.txt
Natom = 10000
cut =     0.5000
Value of system clock after coord read = 0
Value of system clock after coord read and E calc = 5630000
                         Final Results
                         -------------
                   Num Pairs = 13884046
                     Total E = 58368789.6845760643
     Time to read coord file =         0.0000 Seconds
         Time to calculate E =         5.6300 Seconds
        Total Execution Time =         5.6300 Seconds
Value of system clock at start = 0
Coordinates will be read from file: input.txt
Natom = 10000
cut =     0.5000
Value of system clock after coord read = 0
Value of system clock after coord read and E calc = 1650000
                         Final Results
                         -------------
                   Num Pairs = 13884046
                     Total E = 58368789.6845760643
     Time to read coord file =         0.0000 Seconds
         Time to calculate E =         1.6500 Seconds
        Total Execution Time =         1.6500 Seconds
Value of system clock at start = 0
Coordinates will be read from file: input.txt
Natom = 10000
cut =     0.5000
Value of system clock after coord read = 0
Value of system clock after coord read and E calc = 1530000
                         Final Results
                         -------------
                   Num Pairs = 13884046
                     Total E = 58368789.6845760643
     Time to read coord file =         0.0000 Seconds
         Time to calculate E =         1.5300 Seconds
        Total Execution Time =         1.5300 Seconds
Value of system clock at start = 0
Coordinates will be read from file: input.txt
Natom = 10000
cut =     0.5000
Value of system clock after coord read = 0
Value of system clock after coord read and E calc = 1530000
                         Final Results
                         -------------
                   Num Pairs = 13884046
                     Total E = 58368789.6845760643
     Time to read coord file =         0.0000 Seconds
         Time to calculate E =         1.5300 Seconds
        Total Execution Time =         1.5300 Seconds
