Value of system clock at start = 0
Coordinates will be read from file: exinput.txt
Natom = 20000
cut =     0.5000
Value of system clock after coord read = 10000
Value of system clock after coord read and E calc = 7020000
                         Final Results
                         -------------
                   Num Pairs = 55422872
                     Total E = 233514394.7739617527
     Time to read coord file =         0.0100 Seconds
         Time to calculate E =         7.0100 Seconds
        Total Execution Time =         7.0200 Seconds
Value of system clock at start = 0
Coordinates will be read from file: exinput.txt
Natom = 20000
cut =     0.5000
Value of system clock after coord read = 10000
Value of system clock after coord read and E calc = 3770000
                         Final Results
                         -------------
                   Num Pairs = 55422872
                     Total E = 233514394.7739617527
     Time to read coord file =         0.0100 Seconds
         Time to calculate E =         3.7600 Seconds
        Total Execution Time =         3.7700 Seconds
Value of system clock at start = 0
Coordinates will be read from file: exinput.txt
Natom = 20000
cut =     0.5000
Value of system clock after coord read = 10000
Value of system clock after coord read and E calc = 3710000
                         Final Results
                         -------------
                   Num Pairs = 55422872
                     Total E = 233514394.7739617527
     Time to read coord file =         0.0100 Seconds
         Time to calculate E =         3.7000 Seconds
        Total Execution Time =         3.7100 Seconds
Value of system clock at start = 0
Coordinates will be read from file: exinput.txt
Natom = 20000
cut =     0.5000
Value of system clock after coord read = 10000
Value of system clock after coord read and E calc = 3720000
                         Final Results
                         -------------
                   Num Pairs = 55422872
                     Total E = 233514394.7739617527
     Time to read coord file =         0.0100 Seconds
         Time to calculate E =         3.7100 Seconds
        Total Execution Time =         3.7200 Seconds
