Value of system clock at start = 0
Coordinates will be read from file: input.txt
Natom = 10000
cut =     0.5000
Value of system clock after coord read = 0
Value of system clock after coord read and E calc = 5900000
                         Final Results
                         -------------
                   Num Pairs = 13884046
                     Total E = 58368789.6845760643
     Time to read coord file =         0.0000 Seconds
         Time to calculate E =         5.9000 Seconds
        Total Execution Time =         5.9000 Seconds
Value of system clock at start = 0
Coordinates will be read from file: input.txt
Natom = 10000
cut =     0.5000
Value of system clock after coord read = 0
Value of system clock after coord read and E calc = 1620000
                         Final Results
                         -------------
                   Num Pairs = 13884046
                     Total E = 58368789.6845760643
     Time to read coord file =         0.0000 Seconds
         Time to calculate E =         1.6200 Seconds
        Total Execution Time =         1.6200 Seconds
Value of system clock at start = 0
Coordinates will be read from file: input.txt
Natom = 10000
cut =     0.5000
Value of system clock after coord read = 0
Value of system clock after coord read and E calc = 1480000
                         Final Results
                         -------------
                   Num Pairs = 13884046
                     Total E = 58368789.6845760643
     Time to read coord file =         0.0000 Seconds
         Time to calculate E =         1.4800 Seconds
        Total Execution Time =         1.4800 Seconds
Value of system clock at start = 0
Coordinates will be read from file: input.txt
Natom = 10000
cut =     0.5000
Value of system clock after coord read = 0
Value of system clock after coord read and E calc = 1490000
                         Final Results
                         -------------
                   Num Pairs = 13884046
                     Total E = 58368789.6845760643
     Time to read coord file =         0.0000 Seconds
         Time to calculate E =         1.4900 Seconds
        Total Execution Time =         1.4900 Seconds
