Value of system clock at start = 0
Coordinates will be read from file: input.txt
Natom = 10000
cut =     0.5000
Value of system clock after coord read = 0
Value of system clock after coord read and E calc = 2180000
                         Final Results
                         -------------
                   Num Pairs = 13884046
                     Total E = 58368789.6845760643
     Time to read coord file =         0.0000 Seconds
         Time to calculate E =         2.1800 Seconds
        Total Execution Time =         2.1800 Seconds
Value of system clock at start = 0
Coordinates will be read from file: input.txt
Natom = 10000
cut =     0.5000
Value of system clock after coord read = 0
Value of system clock after coord read and E calc = 1190000
                         Final Results
                         -------------
                   Num Pairs = 13884046
                     Total E = 58368789.6845760643
     Time to read coord file =         0.0000 Seconds
         Time to calculate E =         1.1900 Seconds
        Total Execution Time =         1.1900 Seconds
Value of system clock at start = 0
Coordinates will be read from file: input.txt
Natom = 10000
cut =     0.5000
Value of system clock after coord read = 0
Value of system clock after coord read and E calc = 1080000
                         Final Results
                         -------------
                   Num Pairs = 13884046
                     Total E = 58368789.6845760643
     Time to read coord file =         0.0000 Seconds
         Time to calculate E =         1.0800 Seconds
        Total Execution Time =         1.0800 Seconds
Value of system clock at start = 0
Coordinates will be read from file: input.txt
Natom = 10000
cut =     0.5000
Value of system clock after coord read = 0
Value of system clock after coord read and E calc = 1080000
                         Final Results
                         -------------
                   Num Pairs = 13884046
                     Total E = 58368789.6845760643
     Time to read coord file =         0.0000 Seconds
         Time to calculate E =         1.0800 Seconds
        Total Execution Time =         1.0800 Seconds
