Value of system clock at start = 0
Coordinates will be read from file: input.txt
Natom = 10000
cut =     0.5000
Value of system clock after coord read = 0
Value of system clock after coord read and E calc = 1850000
                         Final Results
                         -------------
                   Num Pairs = 13884046
                     Total E = 58368789.6845760643
     Time to read coord file =         0.0000 Seconds
         Time to calculate E =         1.8500 Seconds
        Total Execution Time =         1.8500 Seconds
Value of system clock at start = 0
Coordinates will be read from file: input.txt
Natom = 10000
cut =     0.5000
Value of system clock after coord read = 0
Value of system clock after coord read and E calc = 1180000
                         Final Results
                         -------------
                   Num Pairs = 13884046
                     Total E = 58368789.6845760643
     Time to read coord file =         0.0000 Seconds
         Time to calculate E =         1.1800 Seconds
        Total Execution Time =         1.1800 Seconds
Value of system clock at start = 0
Coordinates will be read from file: input.txt
Natom = 10000
cut =     0.5000
Value of system clock after coord read = 0
Value of system clock after coord read and E calc = 1110000
                         Final Results
                         -------------
                   Num Pairs = 13884046
                     Total E = 58368789.6845760643
     Time to read coord file =         0.0000 Seconds
         Time to calculate E =         1.1100 Seconds
        Total Execution Time =         1.1100 Seconds
Value of system clock at start = 0
Coordinates will be read from file: input.txt
Natom = 10000
cut =     0.5000
Value of system clock after coord read = 0
Value of system clock after coord read and E calc = 1100000
                         Final Results
                         -------------
                   Num Pairs = 13884046
                     Total E = 58368789.6845760643
     Time to read coord file =         0.0000 Seconds
         Time to calculate E =         1.1000 Seconds
        Total Execution Time =         1.1000 Seconds
