Value of system clock at start = 0
Coordinates will be read from file: input.txt
Natom = 10000
cut =     0.5000
Value of system clock after coord read = 0
Value of system clock after coord read and E calc = 4190000
                         Final Results
                         -------------
                   Num Pairs = 13884043
                     Total E = 58368781.8191094697
     Time to read coord file =         0.0000 Seconds
         Time to calculate E =         4.1900 Seconds
        Total Execution Time =         4.1900 Seconds
Value of system clock at start = 0
Coordinates will be read from file: input.txt
Natom = 10000
cut =     0.5000
Value of system clock after coord read = 0
Value of system clock after coord read and E calc = 1310000
                         Final Results
                         -------------
                   Num Pairs = 13884043
                     Total E = 58368781.8191094697
     Time to read coord file =         0.0000 Seconds
         Time to calculate E =         1.3100 Seconds
        Total Execution Time =         1.3100 Seconds
Value of system clock at start = 0
Coordinates will be read from file: input.txt
Natom = 10000
cut =     0.5000
Value of system clock after coord read = 0
Value of system clock after coord read and E calc = 1290000
                         Final Results
                         -------------
                   Num Pairs = 13884043
                     Total E = 58368781.8191094697
     Time to read coord file =         0.0000 Seconds
         Time to calculate E =         1.2900 Seconds
        Total Execution Time =         1.2900 Seconds
Value of system clock at start = 0
Coordinates will be read from file: input.txt
Natom = 10000
cut =     0.5000
Value of system clock after coord read = 0
Value of system clock after coord read and E calc = 1280000
                         Final Results
                         -------------
                   Num Pairs = 13884043
                     Total E = 58368781.8191094697
     Time to read coord file =         0.0000 Seconds
         Time to calculate E =         1.2800 Seconds
        Total Execution Time =         1.2800 Seconds
