
  you can only have one compiler loaded at a time

Grid: 16x16, Iterations per cell: 1
, Iterations per snapshot: 1
, Iterations: 1
, Boundary Thickness: 1
Grid: 16x16, Iterations per cell: 1
, Iterations per snapshot: 1
, Iterations: 1
, Boundary Thickness: 1
Grid: 16x16, Iterations per cell: 1
, Iterations per snapshot: 1
, Iterations: 1
, Boundary Thickness: 1
Grid: 16x16, Iterations per cell: 1
, Iterations per snapshot: 1
, Iterations: 1
, Boundary Thickness: 1
[udc-ba39-4b:163497:0] Caught signal 11 (Segmentation fault)
[udc-ba39-4c:9813 :0] Caught signal 11 (Segmentation fault)
[udc-ba39-4d:108598:0] Caught signal 11 (Segmentation fault)
[udc-ba39-28i:18212:0] Caught signal 11 (Segmentation fault)
==== backtrace ====
 2 0x000000000005a50c mxm_handle_error()  /var/tmp/OFED_topdir/BUILD/mxm-3.5.3093/src/mxm/util/debug/debug.c:641
 3 0x000000000005a67c mxm_error_signal_handler()  /var/tmp/OFED_topdir/BUILD/mxm-3.5.3093/src/mxm/util/debug/debug.c:616
 4 0x0000000000032660 killpg()  ??:0
 5 0x0000000000400f97 main()  ??:0
 6 0x000000000001ed1d __libc_start_main()  ??:0
 7 0x0000000000400bd9 _start()  ??:0
===================
==== backtrace ====
 2 0x000000000005a50c mxm_handle_error()  /var/tmp/OFED_topdir/BUILD/mxm-3.5.3093/src/mxm/util/debug/debug.c:641
 3 0x000000000005a67c mxm_error_signal_handler()  /var/tmp/OFED_topdir/BUILD/mxm-3.5.3093/src/mxm/util/debug/debug.c:616
 4 0x0000000000032660 killpg()  ??:0
 5 0x0000000000400f9f main()  ??:0
 6 0x000000000001ed1d __libc_start_main()  ??:0
 7 0x0000000000400bd9 _start()  ??:0
===================
==== backtrace ====
 2 0x000000000005a50c mxm_handle_error()  /var/tmp/OFED_topdir/BUILD/mxm-3.5.3093/src/mxm/util/debug/debug.c:641
 3 0x000000000005a67c mxm_error_signal_handler()  /var/tmp/OFED_topdir/BUILD/mxm-3.5.3093/src/mxm/util/debug/debug.c:616
 4 0x0000000000032660 killpg()  ??:0
 5 0x0000000000400f97 main()  ??:0
 6 0x000000000001ed1d __libc_start_main()  ??:0
 7 0x0000000000400bd9 _start()  ??:0
===================
==== backtrace ====
 2 0x000000000005a50c mxm_handle_error()  /var/tmp/OFED_topdir/BUILD/mxm-3.5.3093/src/mxm/util/debug/debug.c:641
 3 0x000000000005a67c mxm_error_signal_handler()  /var/tmp/OFED_topdir/BUILD/mxm-3.5.3093/src/mxm/util/debug/debug.c:616
 4 0x0000000000032660 killpg()  ??:0
 5 0x0000000000400f97 main()  ??:0
 6 0x000000000001ed1d __libc_start_main()  ??:0
 7 0x0000000000400bd9 _start()  ??:0
===================
--------------------------------------------------------------------------
mpiexec noticed that process rank 2 with PID 108598 on node udc-ba39-4d exited on signal 11 (Segmentation fault).
--------------------------------------------------------------------------
