
  you can only have one compiler loaded at a time

Grid: 16x16, Iterations per cell: 1
, Iterations per snapshot: 1
, Iterations: 1
, Boundary Thickness: 1
Grid: 16x16, Iterations per cell: 1
, Iterations per snapshot: 1
, Iterations: 1
, Boundary Thickness: 1
Grid: 16x16, Iterations per cell: 1
, Iterations per snapshot: 1
, Iterations: 1
, Boundary Thickness: 1
Grid: 16x16, Iterations per cell: 1
, Iterations per snapshot: 1
, Iterations: 1
, Boundary Thickness: 1
Rank=0: Preinitilization
rank=0: Iteration start = 0
rank=0 Communication start
rank 0 sending to rank 1
rank 0 receiving to rank -1
[udc-ba39-28i:20746] ompi_comm_peer_lookup: invalid peer index (4)
Rank=3: Preinitilization
rank=3: Iteration start = 0
rank=3 Communication start
rank 3 sending to rank 2
rank 3 receiving to rank 4
Rank=1: Preinitilization
rank=1: Iteration start = 0
rank=1 Communication start
rank 1 sending to rank 2
rank 1 receiving to rank 0
Rank=2: Preinitilization
rank=2: Iteration start = 0
rank=2 Communication start
rank 2 sending to rank 3
rank 2 receiving to rank 1
[udc-ba39-28i:20746:0] Caught signal 11 (Segmentation fault)
Rank=1: Iteration: 1 / 1

Execution time: 0 seconds
Rank=2: Iteration: 1 / 1

Execution time: 0 seconds
==== backtrace ====
 2 0x000000000005a50c mxm_handle_error()  /var/tmp/OFED_topdir/BUILD/mxm-3.5.3093/src/mxm/util/debug/debug.c:641
 3 0x000000000005a67c mxm_error_signal_handler()  /var/tmp/OFED_topdir/BUILD/mxm-3.5.3093/src/mxm/util/debug/debug.c:616
 4 0x0000000000032660 killpg()  ??:0
 5 0x0000000000005880 mca_pml_yalla_recv()  ??:0
 6 0x0000000000097c95 MPI_Recv()  ??:0
 7 0x00000000004015ec main()  ??:0
 8 0x000000000001ed1d __libc_start_main()  ??:0
 9 0x0000000000400bd9 _start()  ??:0
===================
--------------------------------------------------------------------------
mpiexec noticed that process rank 3 with PID 20746 on node udc-ba39-28i exited on signal 11 (Segmentation fault).
--------------------------------------------------------------------------
