
  you can only have one compiler loaded at a time

Grid: 16x16, Iterations per cell: 1
, Iterations per snapshot: 1
, Iterations: 1
, Boundary Thickness: 1
Grid: 16x16, Iterations per cell: 1
, Iterations per snapshot: 1
, Iterations: 1
, Boundary Thickness: 1
Grid: 16x16, Iterations per cell: 1
, Iterations per snapshot: 1
, Iterations: 1
, Boundary Thickness: 1
Grid: 16x16, Iterations per cell: 1
, Iterations per snapshot: 1
, Iterations: 1
, Boundary Thickness: 1
[udc-ba39-4b:164400:0] Caught signal 11 (Segmentation fault)
Preinitilization[udc-ba39-28i:19000:0] Caught signal 11 (Segmentation fault)
[udc-ba39-4d:109454:0] Caught signal 11 (Segmentation fault)
[udc-ba39-4c:10671:0] Caught signal 11 (Segmentation fault)
PreinitilizationPreinitilizationPreinitilization==== backtrace ====
 2 0x000000000005a50c mxm_handle_error()  /var/tmp/OFED_topdir/BUILD/mxm-3.5.3093/src/mxm/util/debug/debug.c:641
 3 0x000000000005a67c mxm_error_signal_handler()  /var/tmp/OFED_topdir/BUILD/mxm-3.5.3093/src/mxm/util/debug/debug.c:616
 4 0x0000000000032660 killpg()  ??:0
 5 0x0000000000400fab main()  ??:0
 6 0x000000000001ed1d __libc_start_main()  ??:0
 7 0x0000000000400bd9 _start()  ??:0
===================
==== backtrace ====
 2 0x000000000005a50c mxm_handle_error()  /var/tmp/OFED_topdir/BUILD/mxm-3.5.3093/src/mxm/util/debug/debug.c:641
 3 0x000000000005a67c mxm_error_signal_handler()  /var/tmp/OFED_topdir/BUILD/mxm-3.5.3093/src/mxm/util/debug/debug.c:616
==== backtrace ====
 4 0x0000000000032660 killpg()  ??:0
 5 0x0000000000400fa3 main()  ??:0
==== backtrace ====
 2 0x000000000005a50c mxm_handle_error()  /var/tmp/OFED_topdir/BUILD/mxm-3.5.3093/src/mxm/util/debug/debug.c:641
 6 0x000000000001ed1d __libc_start_main()  ??:0
 7 0x0000000000400bd9 _start()  ??:0
 2 0x000000000005a50c mxm_handle_error()  /var/tmp/OFED_topdir/BUILD/mxm-3.5.3093/src/mxm/util/debug/debug.c:641
 3 0x000000000005a67c mxm_error_signal_handler()  /var/tmp/OFED_topdir/BUILD/mxm-3.5.3093/src/mxm/util/debug/debug.c:616
===================
 3 0x000000000005a67c mxm_error_signal_handler()  /var/tmp/OFED_topdir/BUILD/mxm-3.5.3093/src/mxm/util/debug/debug.c:616
 4 0x0000000000032660 killpg()  ??:0
 4 0x0000000000032660 killpg()  ??:0
 5 0x0000000000400fa3 main()  ??:0
 5 0x0000000000400fa3 main()  ??:0
 6 0x000000000001ed1d __libc_start_main()  ??:0
 6 0x000000000001ed1d __libc_start_main()  ??:0
 7 0x0000000000400bd9 _start()  ??:0
 7 0x0000000000400bd9 _start()  ??:0
===================
===================
--------------------------------------------------------------------------
mpiexec noticed that process rank 1 with PID 10671 on node udc-ba39-4c exited on signal 11 (Segmentation fault).
--------------------------------------------------------------------------
